# JRE version: Java(TM) SE Runtime Environment (8.0_102-b14) (build 1.8.0_102-b14)
# Java VM: Java HotSpot(TM) 64-Bit Server VM (25.102-b14 mixed mode windows-amd64 compressed oops)
Heap:
 PSYoungGen      total 138240K, used 31464K [0x00000000d6180000, 0x00000000e1b00000, 0x0000000100000000)
  eden space 130048K, 17% used [0x00000000d6180000,0x00000000d783db28,0x00000000de080000)
  from space 8192K, 99% used [0x00000000de080000,0x00000000de87c5c8,0x00000000de880000)
  to   space 10240K, 0% used [0x00000000e1100000,0x00000000e1100000,0x00000000e1b00000)
 ParOldGen       total 56320K, used 9103K [0x0000000082400000, 0x0000000085b00000, 0x00000000d6180000)
  object space 56320K, 16% used [0x0000000082400000,0x0000000082ce3c30,0x0000000085b00000)
 Metaspace       used 33326K, capacity 34726K, committed 34816K, reserved 1079296K
  class space    used 4305K, capacity 4595K, committed 4608K, reserved 1048576K
GC Heap History (10 events):
Event: 2.789 GC heap before
{Heap before GC invocations=4 (full 0):
 PSYoungGen      total 37888K, used 37844K [0x00000000d6180000, 0x00000000dab80000, 0x0000000100000000)
  eden space 32768K, 99% used [0x00000000d6180000,0x00000000d8176700,0x00000000d8180000)
  from space 5120K, 99% used [0x00000000d8180000,0x00000000d867eb50,0x00000000d8680000)
  to   space 5120K, 0% used [0x00000000da680000,0x00000000da680000,0x00000000dab80000)
 ParOldGen       total 86016K, used 1100K [0x0000000082400000, 0x0000000087800000, 0x00000000d6180000)
  object space 86016K, 1% used [0x0000000082400000,0x0000000082513170,0x0000000087800000)
 Metaspace       used 18212K, capacity 18810K, committed 19072K, reserved 1064960K
  class space    used 2391K, capacity 2567K, committed 2688K, reserved 1048576K
Event: 2.797 GC heap after
Heap after GC invocations=4 (full 0):
 PSYoungGen      total 70656K, used 5114K [0x00000000d6180000, 0x00000000dab80000, 0x0000000100000000)
  eden space 65536K, 0% used [0x00000000d6180000,0x00000000d6180000,0x00000000da180000)
  from space 5120K, 99% used [0x00000000da680000,0x00000000dab7e968,0x00000000dab80000)
  to   space 5120K, 0% used [0x00000000da180000,0x00000000da180000,0x00000000da680000)
 ParOldGen       total 86016K, used 3127K [0x0000000082400000, 0x0000000087800000, 0x00000000d6180000)
  object space 86016K, 3% used [0x0000000082400000,0x000000008270de50,0x0000000087800000)
 Metaspace       used 18212K, capacity 18810K, committed 19072K, reserved 1064960K
  class space    used 2391K, capacity 2567K, committed 2688K, reserved 1048576K
}
Event: 3.082 GC heap before
{Heap before GC invocations=5 (full 0):
 PSYoungGen      total 70656K, used 25444K [0x00000000d6180000, 0x00000000dab80000, 0x0000000100000000)
  eden space 65536K, 31% used [0x00000000d6180000,0x00000000d755a6f8,0x00000000da180000)
  from space 5120K, 99% used [0x00000000da680000,0x00000000dab7e968,0x00000000dab80000)
  to   space 5120K, 0% used [0x00000000da180000,0x00000000da180000,0x00000000da680000)
 ParOldGen       total 86016K, used 3127K [0x0000000082400000, 0x0000000087800000, 0x00000000d6180000)
  object space 86016K, 3% used [0x0000000082400000,0x000000008270de50,0x0000000087800000)
 Metaspace       used 20604K, capacity 21166K, committed 21248K, reserved 1067008K
  class space    used 2636K, capacity 2797K, committed 2816K, reserved 1048576K
Event: 3.093 GC heap after
Heap after GC invocations=5 (full 0):
 PSYoungGen      total 70656K, used 5096K [0x00000000d6180000, 0x00000000df280000, 0x0000000100000000)
  eden space 65536K, 0% used [0x00000000d6180000,0x00000000d6180000,0x00000000da180000)
  from space 5120K, 99% used [0x00000000da180000,0x00000000da67a020,0x00000000da680000)
  to   space 8704K, 0% used [0x00000000dea00000,0x00000000dea00000,0x00000000df280000)
 ParOldGen       total 86016K, used 4959K [0x0000000082400000, 0x0000000087800000, 0x00000000d6180000)
  object space 86016K, 5% used [0x0000000082400000,0x00000000828d7d78,0x0000000087800000)
 Metaspace       used 20604K, capacity 21166K, committed 21248K, reserved 1067008K
  class space    used 2636K, capacity 2797K, committed 2816K, reserved 1048576K
}
Event: 3.093 GC heap before
{Heap before GC invocations=6 (full 1):
 PSYoungGen      total 70656K, used 5096K [0x00000000d6180000, 0x00000000df280000, 0x0000000100000000)
  eden space 65536K, 0% used [0x00000000d6180000,0x00000000d6180000,0x00000000da180000)
  from space 5120K, 99% used [0x00000000da180000,0x00000000da67a020,0x00000000da680000)
  to   space 8704K, 0% used [0x00000000dea00000,0x00000000dea00000,0x00000000df280000)
 ParOldGen       total 86016K, used 4959K [0x0000000082400000, 0x0000000087800000, 0x00000000d6180000)
  object space 86016K, 5% used [0x0000000082400000,0x00000000828d7d78,0x0000000087800000)
 Metaspace       used 20604K, capacity 21166K, committed 21248K, reserved 1067008K
  class space    used 2636K, capacity 2797K, committed 2816K, reserved 1048576K
Event: 3.137 GC heap after
Heap after GC invocations=6 (full 1):
 PSYoungGen      total 70656K, used 0K [0x00000000d6180000, 0x00000000df280000, 0x0000000100000000)
  eden space 65536K, 0% used [0x00000000d6180000,0x00000000d6180000,0x00000000da180000)
  from space 5120K, 0% used [0x00000000da180000,0x00000000da180000,0x00000000da680000)
  to   space 8704K, 0% used [0x00000000dea00000,0x00000000dea00000,0x00000000df280000)
 ParOldGen       total 56320K, used 6763K [0x0000000082400000, 0x0000000085b00000, 0x00000000d6180000)
  object space 56320K, 12% used [0x0000000082400000,0x0000000082a9aee8,0x0000000085b00000)
 Metaspace       used 20604K, capacity 21166K, committed 21248K, reserved 1067008K
  class space    used 2636K, capacity 2797K, committed 2816K, reserved 1048576K
}
Event: 4.321 GC heap before
{Heap before GC invocations=7 (full 1):
 PSYoungGen      total 70656K, used 65536K [0x00000000d6180000, 0x00000000df280000, 0x0000000100000000)
  eden space 65536K, 100% used [0x00000000d6180000,0x00000000da180000,0x00000000da180000)
  from space 5120K, 0% used [0x00000000da180000,0x00000000da180000,0x00000000da680000)
  to   space 8704K, 0% used [0x00000000dea00000,0x00000000dea00000,0x00000000df280000)
 ParOldGen       total 56320K, used 6800K [0x0000000082400000, 0x0000000085b00000, 0x00000000d6180000)
  object space 56320K, 12% used [0x0000000082400000,0x0000000082aa4368,0x0000000085b00000)
 Metaspace       used 25366K, capacity 26140K, committed 26240K, reserved 1073152K
  class space    used 3245K, capacity 3430K, committed 3456K, reserved 1048576K
Event: 4.368 GC heap after
Heap after GC invocations=7 (full 1):
 PSYoungGen      total 113664K, used 6257K [0x00000000d6180000, 0x00000000df080000, 0x0000000100000000)
  eden space 107008K, 0% used [0x00000000d6180000,0x00000000d6180000,0x00000000dca00000)
  from space 6656K, 94% used [0x00000000dea00000,0x00000000df01c468,0x00000000df080000)
  to   space 8192K, 0% used [0x00000000de080000,0x00000000de080000,0x00000000de880000)
 ParOldGen       total 56320K, used 6808K [0x0000000082400000, 0x0000000085b00000, 0x00000000d6180000)
  object space 56320K, 12% used [0x0000000082400000,0x0000000082aa6368,0x0000000085b00000)
 Metaspace       used 25366K, capacity 26140K, committed 26240K, reserved 1073152K
  class space    used 3245K, capacity 3430K, committed 3456K, reserved 1048576K
}
Event: 6.380 GC heap before
{Heap before GC invocations=8 (full 1):
 PSYoungGen      total 113664K, used 113265K [0x00000000d6180000, 0x00000000df080000, 0x0000000100000000)
  eden space 107008K, 100% used [0x00000000d6180000,0x00000000dca00000,0x00000000dca00000)
  from space 6656K, 94% used [0x00000000dea00000,0x00000000df01c468,0x00000000df080000)
  to   space 8192K, 0% used [0x00000000de080000,0x00000000de080000,0x00000000de880000)
 ParOldGen       total 56320K, used 6816K [0x0000000082400000, 0x0000000085b00000, 0x00000000d6180000)
  object space 56320K, 12% used [0x0000000082400000,0x0000000082aa83c0,0x0000000085b00000)
 Metaspace       used 32311K, capacity 33332K, committed 33664K, reserved 1079296K
  class space    used 4177K, capacity 4412K, committed 4480K, reserved 1048576K
Event: 6.395 GC heap after
Heap after GC invocations=8 (full 1):
 PSYoungGen      total 138240K, used 8177K [0x00000000d6180000, 0x00000000e1b00000, 0x0000000100000000)
  eden space 130048K, 0% used [0x00000000d6180000,0x00000000d6180000,0x00000000de080000)
  from space 8192K, 99% used [0x00000000de080000,0x00000000de87c5c8,0x00000000de880000)
  to   space 10240K, 0% used [0x00000000e1100000,0x00000000e1100000,0x00000000e1b00000)
 ParOldGen       total 56320K, used 9103K [0x0000000082400000, 0x0000000085b00000, 0x00000000d6180000)
  object space 56320K, 16% used [0x0000000082400000,0x0000000082ce3c30,0x0000000085b00000)
 Metaspace       used 32311K, capacity 33332K, committed 33664K, reserved 1079296K
  class space    used 4177K, capacity 4412K, committed 4480K, reserved 1048576K
}

